<?xml version="1.0" encoding="UTF-8"?>
<robot generator="Robot 4.0.3 (Python 3.9.4 on win32)" generated="20210903 17:55:14.642" rpa="false" schemaversion="2">
<suite id="s1" name="TC Bdd" source="D:\robot_automation\TestCases\TC_Bdd.robot">
<test id="s1-t1" name="LoginTest with BDD implementation">
<kw name="Given I login to application" library="LoginBDD">
<kw name="Open login Browser" library="LoginResource">
<arg>${siteurl}</arg>
<arg>${usebrowser}</arg>
<kw name="Open Browser" library="SeleniumLibrary">
<arg>${siteurl}</arg>
<arg>${usebrowser}</arg>
<doc>Opens a new browser instance to the optional ``url``.</doc>
<msg timestamp="20210903 17:55:14.826" level="INFO">Opening browser 'chrome' to base url 'https://admin-demo.nopcommerce.com/'.</msg>
<status status="PASS" starttime="20210903 17:55:14.825" endtime="20210903 17:55:25.260"/>
</kw>
<kw name="Maximize Browser Window" library="SeleniumLibrary">
<doc>Maximizes current browser window.</doc>
<status status="PASS" starttime="20210903 17:55:25.260" endtime="20210903 17:55:29.386"/>
</kw>
<status status="PASS" starttime="20210903 17:55:14.825" endtime="20210903 17:55:29.386"/>
</kw>
<status status="PASS" starttime="20210903 17:55:14.825" endtime="20210903 17:55:29.387"/>
</kw>
<kw name="When I input username" library="LoginBDD">
<kw name="Enter Username" library="LoginResource">
<arg>${user}</arg>
<kw name="Input Text" library="SeleniumLibrary">
<arg>${login_name}</arg>
<arg>${username}</arg>
<doc>Types the given ``text`` into the text field identified by ``locator``.</doc>
<msg timestamp="20210903 17:55:29.389" level="INFO">Typing text 'subratdas54@gmail.com' into text field 'id:Email'.</msg>
<status status="PASS" starttime="20210903 17:55:29.389" endtime="20210903 17:55:29.488"/>
</kw>
<status status="PASS" starttime="20210903 17:55:29.388" endtime="20210903 17:55:29.488"/>
</kw>
<kw name="Sleep" library="BuiltIn">
<arg>3 seconds</arg>
<doc>Pauses the test executed for the given time.</doc>
<msg timestamp="20210903 17:55:32.501" level="INFO">Slept 3 seconds</msg>
<status status="PASS" starttime="20210903 17:55:29.488" endtime="20210903 17:55:32.501"/>
</kw>
<status status="PASS" starttime="20210903 17:55:29.388" endtime="20210903 17:55:32.502"/>
</kw>
<kw name="And I input password" library="LoginBDD">
<kw name="Enter Password" library="LoginResource">
<arg>${pwd}</arg>
<kw name="Input Text" library="SeleniumLibrary">
<arg>${passwd}</arg>
<arg>${password}</arg>
<doc>Types the given ``text`` into the text field identified by ``locator``.</doc>
<msg timestamp="20210903 17:55:32.507" level="INFO">Typing text 'Ilovemom@18' into text field 'id:Password'.</msg>
<status status="PASS" starttime="20210903 17:55:32.506" endtime="20210903 17:55:32.564"/>
</kw>
<status status="PASS" starttime="20210903 17:55:32.504" endtime="20210903 17:55:32.564"/>
</kw>
<status status="PASS" starttime="20210903 17:55:32.503" endtime="20210903 17:55:32.564"/>
</kw>
<kw name="And I click on Login button" library="LoginBDD">
<kw name="Click SignIn" library="LoginResource">
<kw name="Click Button" library="SeleniumLibrary">
<arg>${login_btn}</arg>
<doc>Clicks the button identified by ``locator``.</doc>
<msg timestamp="20210903 17:55:32.565" level="INFO">Clicking button 'xpath://button[@class='button-1 login-button']'.</msg>
<status status="PASS" starttime="20210903 17:55:32.565" endtime="20210903 17:55:34.325"/>
</kw>
<status status="PASS" starttime="20210903 17:55:32.564" endtime="20210903 17:55:34.325"/>
</kw>
<kw name="Sleep" library="BuiltIn">
<arg>3 seconds</arg>
<doc>Pauses the test executed for the given time.</doc>
<msg timestamp="20210903 17:55:37.331" level="INFO">Slept 3 seconds</msg>
<status status="PASS" starttime="20210903 17:55:34.325" endtime="20210903 17:55:37.331"/>
</kw>
<status status="PASS" starttime="20210903 17:55:32.564" endtime="20210903 17:55:37.331"/>
</kw>
<kw name="Then I validate login page error message" library="LoginBDD">
<kw name="Validate Error Login Message" library="LoginResource">
<kw name="Page Should Contain" library="SeleniumLibrary">
<arg>Login was unsuccessful</arg>
<doc>Verifies that current page contains ``text``.</doc>
<msg timestamp="20210903 17:55:37.346" level="INFO">Current page contains text 'Login was unsuccessful'.</msg>
<status status="PASS" starttime="20210903 17:55:37.331" endtime="20210903 17:55:37.346"/>
</kw>
<status status="PASS" starttime="20210903 17:55:37.331" endtime="20210903 17:55:37.346"/>
</kw>
<kw name="close my browser" library="LoginResource">
<kw name="Close All Browsers" library="SeleniumLibrary">
<doc>Closes all open browsers and resets the browser cache.</doc>
<status status="PASS" starttime="20210903 17:55:37.346" endtime="20210903 17:55:39.470"/>
</kw>
<status status="PASS" starttime="20210903 17:55:37.346" endtime="20210903 17:55:39.470"/>
</kw>
<status status="PASS" starttime="20210903 17:55:37.331" endtime="20210903 17:55:39.470"/>
</kw>
<status status="PASS" starttime="20210903 17:55:14.825" endtime="20210903 17:55:39.470"/>
</test>
<status status="PASS" starttime="20210903 17:55:14.643" endtime="20210903 17:55:39.470"/>
</suite>
<statistics>
<total>
<stat pass="1" fail="0" skip="0">All Tests</stat>
</total>
<tag>
</tag>
<suite>
<stat pass="1" fail="0" skip="0" id="s1" name="TC Bdd">TC Bdd</stat>
</suite>
</statistics>
<errors>
</errors>
</robot>
