<?xml version="1.0" encoding="UTF-8"?>
<robot generator="Robot 4.0.3 (Python 3.8.2 on win32)" generated="20210809 17:58:10.592" rpa="false" schemaversion="2">
<suite id="s1" name="Suites">
<suite id="s1-s1" name="TC1" source="C:\Users\Subrat_Das\Desktop\EPAM\DEMO_PROJECTS_FOR_AUTOMATION_TRAINING\Robot_Framework\TestCases\TC1.robot">
<test id="s1-s1-t1" name="LoginTest">
<kw name="Open Browser" library="SeleniumLibrary">
<arg>${url}</arg>
<arg>${browser}</arg>
<doc>Opens a new browser instance to the optional ``url``.</doc>
<msg timestamp="20210809 17:58:11.213" level="INFO">Opening browser 'chrome' to base url 'https://admin-demo.nopcommerce.com/'.</msg>
<status status="PASS" starttime="20210809 17:58:11.210" endtime="20210809 17:58:17.722"/>
</kw>
<kw name="loginToApplication">
<kw name="Input Text" library="SeleniumLibrary">
<arg>id:Email</arg>
<arg>subrat@gmail.com</arg>
<doc>Types the given ``text`` into the text field identified by ``locator``.</doc>
<msg timestamp="20210809 17:58:17.727" level="INFO">Typing text 'subrat@gmail.com' into text field 'id:Email'.</msg>
<status status="PASS" starttime="20210809 17:58:17.724" endtime="20210809 17:58:17.875"/>
</kw>
<kw name="Input Text" library="SeleniumLibrary">
<arg>id:Password</arg>
<arg>pa123</arg>
<doc>Types the given ``text`` into the text field identified by ``locator``.</doc>
<msg timestamp="20210809 17:58:17.877" level="INFO">Typing text 'pa123' into text field 'id:Password'.</msg>
<status status="PASS" starttime="20210809 17:58:17.876" endtime="20210809 17:58:18.007"/>
</kw>
<kw name="Click Element" library="SeleniumLibrary">
<arg>xpath://button[@class='button-1 login-button']</arg>
<doc>Click the element identified by ``locator``.</doc>
<msg timestamp="20210809 17:58:18.010" level="INFO">Clicking element 'xpath://button[@class='button-1 login-button']'.</msg>
<status status="PASS" starttime="20210809 17:58:18.008" endtime="20210809 17:58:19.757"/>
</kw>
<status status="PASS" starttime="20210809 17:58:17.723" endtime="20210809 17:58:19.758"/>
</kw>
<kw name="Close Browser" library="SeleniumLibrary">
<doc>Closes the current browser.</doc>
<status status="PASS" starttime="20210809 17:58:19.759" endtime="20210809 17:58:21.933"/>
</kw>
<status status="PASS" starttime="20210809 17:58:11.209" endtime="20210809 17:58:21.933"/>
</test>
<status status="PASS" starttime="20210809 17:58:10.658" endtime="20210809 17:58:21.935"/>
</suite>
<status status="PASS" starttime="20210809 17:58:10.615" endtime="20210809 17:58:21.942"/>
</suite>
<statistics>
<total>
<stat pass="1" fail="0" skip="0">All Tests</stat>
</total>
<tag>
</tag>
<suite>
<stat pass="1" fail="0" skip="0" id="s1" name="Suites">Suites</stat>
<stat pass="1" fail="0" skip="0" id="s1-s1" name="TC1">Suites.TC1</stat>
</suite>
</statistics>
<errors>
</errors>
</robot>
