<?xml version="1.0" encoding="UTF-8"?>
<robot generator="Robot 4.0.3 (Python 3.8.2 on win32)" generated="20210809 17:58:09.656" rpa="false" schemaversion="2">
<suite id="s1" name="Suites">
<suite id="s1-s1" name="SetupTearDown" source="C:\Users\Subrat_Das\Desktop\EPAM\DEMO_PROJECTS_FOR_AUTOMATION_TRAINING\Robot_Framework\TestCases\SetupTearDown.robot">
<kw name="Log To Console" library="BuiltIn" type="SETUP">
<arg>Opening Browser</arg>
<doc>Logs the given message to the console.</doc>
<status status="PASS" starttime="20210809 17:58:09.709" endtime="20210809 17:58:09.710"/>
</kw>
<test id="s1-s1-t1" name="TC-1 Get Info">
<kw name="Log To Console" library="BuiltIn" type="SETUP">
<arg>Login to Application</arg>
<doc>Logs the given message to the console.</doc>
<status status="PASS" starttime="20210809 17:58:09.711" endtime="20210809 17:58:09.711"/>
</kw>
<kw name="Log To Console" library="BuiltIn">
<arg>Get information</arg>
<doc>Logs the given message to the console.</doc>
<status status="PASS" starttime="20210809 17:58:09.712" endtime="20210809 17:58:09.712"/>
</kw>
<kw name="Log To Console" library="BuiltIn" type="TEARDOWN">
<arg>Logout From Application</arg>
<doc>Logs the given message to the console.</doc>
<status status="PASS" starttime="20210809 17:58:09.712" endtime="20210809 17:58:09.713"/>
</kw>
<status status="PASS" starttime="20210809 17:58:09.710" endtime="20210809 17:58:09.713"/>
</test>
<test id="s1-s1-t2" name="TC-2 Get Details">
<kw name="Log To Console" library="BuiltIn" type="SETUP">
<arg>Login to Application</arg>
<doc>Logs the given message to the console.</doc>
<status status="PASS" starttime="20210809 17:58:09.715" endtime="20210809 17:58:09.716"/>
</kw>
<kw name="Log To Console" library="BuiltIn">
<arg>Get All Details</arg>
<doc>Logs the given message to the console.</doc>
<status status="PASS" starttime="20210809 17:58:09.716" endtime="20210809 17:58:09.716"/>
</kw>
<kw name="Log To Console" library="BuiltIn" type="TEARDOWN">
<arg>Logout From Application</arg>
<doc>Logs the given message to the console.</doc>
<status status="PASS" starttime="20210809 17:58:09.717" endtime="20210809 17:58:09.717"/>
</kw>
<status status="PASS" starttime="20210809 17:58:09.714" endtime="20210809 17:58:09.717"/>
</test>
<test id="s1-s1-t3" name="TC-3 Find Details">
<kw name="Log To Console" library="BuiltIn" type="SETUP">
<arg>Login to Application</arg>
<doc>Logs the given message to the console.</doc>
<status status="PASS" starttime="20210809 17:58:09.718" endtime="20210809 17:58:09.719"/>
</kw>
<kw name="Log To Console" library="BuiltIn">
<arg>Find All Details</arg>
<doc>Logs the given message to the console.</doc>
<status status="PASS" starttime="20210809 17:58:09.719" endtime="20210809 17:58:09.719"/>
</kw>
<kw name="Log To Console" library="BuiltIn" type="TEARDOWN">
<arg>Logout From Application</arg>
<doc>Logs the given message to the console.</doc>
<status status="PASS" starttime="20210809 17:58:09.720" endtime="20210809 17:58:09.720"/>
</kw>
<status status="PASS" starttime="20210809 17:58:09.718" endtime="20210809 17:58:09.721"/>
</test>
<kw name="Log To Console" library="BuiltIn" type="TEARDOWN">
<arg>Closing Browser</arg>
<doc>Logs the given message to the console.</doc>
<status status="PASS" starttime="20210809 17:58:09.721" endtime="20210809 17:58:09.722"/>
</kw>
<status status="PASS" starttime="20210809 17:58:09.705" endtime="20210809 17:58:09.722"/>
</suite>
<status status="PASS" starttime="20210809 17:58:09.673" endtime="20210809 17:58:09.724"/>
</suite>
<statistics>
<total>
<stat pass="3" fail="0" skip="0">All Tests</stat>
</total>
<tag>
</tag>
<suite>
<stat pass="3" fail="0" skip="0" id="s1" name="Suites">Suites</stat>
<stat pass="3" fail="0" skip="0" id="s1-s1" name="SetupTearDown">Suites.SetupTearDown</stat>
</suite>
</statistics>
<errors>
</errors>
</robot>
