<?xml version="1.0" encoding="UTF-8"?>
<robot generator="Robot 4.0.3 (Python 3.8.2 on win32)" generated="20210628 23:40:58.427" rpa="false" schemaversion="2">
<suite id="s1" name="Suites">
<suite id="s1-s1" name="SetupTearDown" source="C:\Users\Subrat_Das\Desktop\EPAM_WorkSpace\DEMO_PROJECTS_FOR_AUTOMATION_TRAINING\Robot_Framework\TestCases\SetupTearDown.robot">
<kw name="Log To Console" library="BuiltIn" type="SETUP">
<arg>Opening Browser</arg>
<doc>Logs the given message to the console.</doc>
<status status="PASS" starttime="20210628 23:40:58.486" endtime="20210628 23:40:58.487"/>
</kw>
<test id="s1-s1-t1" name="TC-1 Get Info">
<kw name="Log To Console" library="BuiltIn" type="SETUP">
<arg>Login to Application</arg>
<doc>Logs the given message to the console.</doc>
<status status="PASS" starttime="20210628 23:40:58.487" endtime="20210628 23:40:58.488"/>
</kw>
<kw name="Log To Console" library="BuiltIn">
<arg>Get information</arg>
<doc>Logs the given message to the console.</doc>
<status status="PASS" starttime="20210628 23:40:58.488" endtime="20210628 23:40:58.488"/>
</kw>
<kw name="Log To Console" library="BuiltIn" type="TEARDOWN">
<arg>Logout From Application</arg>
<doc>Logs the given message to the console.</doc>
<status status="PASS" starttime="20210628 23:40:58.489" endtime="20210628 23:40:58.489"/>
</kw>
<status status="PASS" starttime="20210628 23:40:58.487" endtime="20210628 23:40:58.489"/>
</test>
<test id="s1-s1-t2" name="TC-2 Get Details">
<kw name="Log To Console" library="BuiltIn" type="SETUP">
<arg>Login to Application</arg>
<doc>Logs the given message to the console.</doc>
<status status="PASS" starttime="20210628 23:40:58.520" endtime="20210628 23:40:58.521"/>
</kw>
<kw name="Log To Console" library="BuiltIn">
<arg>Get All Details</arg>
<doc>Logs the given message to the console.</doc>
<status status="PASS" starttime="20210628 23:40:58.521" endtime="20210628 23:40:58.522"/>
</kw>
<kw name="Log To Console" library="BuiltIn" type="TEARDOWN">
<arg>Logout From Application</arg>
<doc>Logs the given message to the console.</doc>
<status status="PASS" starttime="20210628 23:40:58.523" endtime="20210628 23:40:58.524"/>
</kw>
<status status="PASS" starttime="20210628 23:40:58.519" endtime="20210628 23:40:58.524"/>
</test>
<test id="s1-s1-t3" name="TC-3 Find Details">
<kw name="Log To Console" library="BuiltIn" type="SETUP">
<arg>Login to Application</arg>
<doc>Logs the given message to the console.</doc>
<status status="PASS" starttime="20210628 23:40:58.526" endtime="20210628 23:40:58.527"/>
</kw>
<kw name="Log To Console" library="BuiltIn">
<arg>Find All Details</arg>
<doc>Logs the given message to the console.</doc>
<status status="PASS" starttime="20210628 23:40:58.527" endtime="20210628 23:40:58.528"/>
</kw>
<kw name="Log To Console" library="BuiltIn" type="TEARDOWN">
<arg>Logout From Application</arg>
<doc>Logs the given message to the console.</doc>
<status status="PASS" starttime="20210628 23:40:58.529" endtime="20210628 23:40:58.529"/>
</kw>
<status status="PASS" starttime="20210628 23:40:58.525" endtime="20210628 23:40:58.530"/>
</test>
<kw name="Log To Console" library="BuiltIn" type="TEARDOWN">
<arg>Closing Browser</arg>
<doc>Logs the given message to the console.</doc>
<status status="PASS" starttime="20210628 23:40:58.531" endtime="20210628 23:40:58.532"/>
</kw>
<status status="PASS" starttime="20210628 23:40:58.483" endtime="20210628 23:40:58.532"/>
</suite>
<status status="PASS" starttime="20210628 23:40:58.444" endtime="20210628 23:40:58.534"/>
</suite>
<statistics>
<total>
<stat pass="3" fail="0" skip="0">All Tests</stat>
</total>
<tag>
</tag>
<suite>
<stat pass="3" fail="0" skip="0" id="s1" name="Suites">Suites</stat>
<stat pass="3" fail="0" skip="0" id="s1-s1" name="SetupTearDown">Suites.SetupTearDown</stat>
</suite>
</statistics>
<errors>
</errors>
</robot>
