<?xml version="1.0" encoding="UTF-8"?>
<robot generator="Robot 4.0.3 (Python 3.8.2 on win32)" generated="20210628 23:40:59.267" rpa="false" schemaversion="2">
<suite id="s1" name="Suites">
<suite id="s1-s1" name="TC1" source="C:\Users\Subrat_Das\Desktop\EPAM_WorkSpace\DEMO_PROJECTS_FOR_AUTOMATION_TRAINING\Robot_Framework\TestCases\TC1.robot">
<test id="s1-s1-t1" name="LoginTest">
<kw name="Open Browser" library="SeleniumLibrary">
<arg>${url}</arg>
<arg>${browser}</arg>
<doc>Opens a new browser instance to the optional ``url``.</doc>
<msg timestamp="20210628 23:40:59.647" level="INFO">Opening browser 'chrome' to base url 'https://admin-demo.nopcommerce.com/'.</msg>
<status status="PASS" starttime="20210628 23:40:59.646" endtime="20210628 23:41:05.665"/>
</kw>
<kw name="loginToApplication">
<kw name="Input Text" library="SeleniumLibrary">
<arg>id:Email</arg>
<arg>subrat@gmail.com</arg>
<doc>Types the given ``text`` into the text field identified by ``locator``.</doc>
<msg timestamp="20210628 23:41:05.667" level="INFO">Typing text 'subrat@gmail.com' into text field 'id:Email'.</msg>
<status status="PASS" starttime="20210628 23:41:05.667" endtime="20210628 23:41:05.807"/>
</kw>
<kw name="Input Text" library="SeleniumLibrary">
<arg>id:Password</arg>
<arg>pa123</arg>
<doc>Types the given ``text`` into the text field identified by ``locator``.</doc>
<msg timestamp="20210628 23:41:05.808" level="INFO">Typing text 'pa123' into text field 'id:Password'.</msg>
<status status="PASS" starttime="20210628 23:41:05.808" endtime="20210628 23:41:05.930"/>
</kw>
<kw name="Click Element" library="SeleniumLibrary">
<arg>xpath://button[@class='button-1 login-button']</arg>
<doc>Click the element identified by ``locator``.</doc>
<msg timestamp="20210628 23:41:05.931" level="INFO">Clicking element 'xpath://button[@class='button-1 login-button']'.</msg>
<status status="PASS" starttime="20210628 23:41:05.930" endtime="20210628 23:41:07.999"/>
</kw>
<status status="PASS" starttime="20210628 23:41:05.665" endtime="20210628 23:41:07.999"/>
</kw>
<kw name="Close Browser" library="SeleniumLibrary">
<doc>Closes the current browser.</doc>
<status status="PASS" starttime="20210628 23:41:08.000" endtime="20210628 23:41:10.219"/>
</kw>
<status status="PASS" starttime="20210628 23:40:59.645" endtime="20210628 23:41:10.220"/>
</test>
<status status="PASS" starttime="20210628 23:40:59.310" endtime="20210628 23:41:10.222"/>
</suite>
<status status="PASS" starttime="20210628 23:40:59.284" endtime="20210628 23:41:10.226"/>
</suite>
<statistics>
<total>
<stat pass="1" fail="0" skip="0">All Tests</stat>
</total>
<tag>
</tag>
<suite>
<stat pass="1" fail="0" skip="0" id="s1" name="Suites">Suites</stat>
<stat pass="1" fail="0" skip="0" id="s1-s1" name="TC1">Suites.TC1</stat>
</suite>
</statistics>
<errors>
</errors>
</robot>
