<?xml version="1.0" encoding="UTF-8"?>
<robot generator="Robot 4.0.3 (Python 3.8.2 on win32)" generated="20210628 23:41:09.074" rpa="false" schemaversion="2">
<suite id="s1" name="Suites">
<suite id="s1-s1" name="Userkeys" source="C:\Users\Subrat_Das\Desktop\EPAM_WorkSpace\DEMO_PROJECTS_FOR_AUTOMATION_TRAINING\Robot_Framework\TestCases\userkeys.robot">
<test id="s1-s1-t1" name="TC-Access">
<kw name="launchBrowser" library="resources">
<var>${page_title}</var>
<arg>${url}</arg>
<arg>${browser}</arg>
<kw name="Open Browser" library="SeleniumLibrary">
<arg>${url}</arg>
<arg>${browser}</arg>
<doc>Opens a new browser instance to the optional ``url``.</doc>
<msg timestamp="20210628 23:41:09.407" level="INFO">Opening browser 'chrome' to base url 'https://admin-demo.nopcommerce.com/'.</msg>
<status status="PASS" starttime="20210628 23:41:09.406" endtime="20210628 23:41:13.729"/>
</kw>
<kw name="Maximize Browser Window" library="SeleniumLibrary">
<doc>Maximizes current browser window.</doc>
<status status="PASS" starttime="20210628 23:41:13.730" endtime="20210628 23:41:13.856"/>
</kw>
<kw name="Get Title" library="SeleniumLibrary">
<var>${title}</var>
<doc>Returns the title of the current page.</doc>
<msg timestamp="20210628 23:41:13.868" level="INFO">${title} = Your store. Login</msg>
<status status="PASS" starttime="20210628 23:41:13.857" endtime="20210628 23:41:13.868"/>
</kw>
<msg timestamp="20210628 23:41:13.868" level="INFO">${page_title} = Your store. Login</msg>
<status status="PASS" starttime="20210628 23:41:09.405" endtime="20210628 23:41:13.868"/>
</kw>
<kw name="Log To Console" library="BuiltIn">
<arg>${page_title}</arg>
<doc>Logs the given message to the console.</doc>
<status status="PASS" starttime="20210628 23:41:13.869" endtime="20210628 23:41:13.870"/>
</kw>
<kw name="Log" library="BuiltIn">
<arg>${page_title}</arg>
<doc>Logs the given message with the given level.</doc>
<msg timestamp="20210628 23:41:13.870" level="INFO">Your store. Login</msg>
<status status="PASS" starttime="20210628 23:41:13.870" endtime="20210628 23:41:13.871"/>
</kw>
<kw name="logintoapplication" library="resources">
<kw name="Input Text" library="SeleniumLibrary">
<arg>id:Email</arg>
<arg>subrat@gmail.com</arg>
<doc>Types the given ``text`` into the text field identified by ``locator``.</doc>
<msg timestamp="20210628 23:41:13.872" level="INFO">Typing text 'subrat@gmail.com' into text field 'id:Email'.</msg>
<status status="PASS" starttime="20210628 23:41:13.871" endtime="20210628 23:41:14.033"/>
</kw>
<kw name="Input Text" library="SeleniumLibrary">
<arg>id:Password</arg>
<arg>pa123</arg>
<doc>Types the given ``text`` into the text field identified by ``locator``.</doc>
<msg timestamp="20210628 23:41:14.035" level="INFO">Typing text 'pa123' into text field 'id:Password'.</msg>
<status status="PASS" starttime="20210628 23:41:14.034" endtime="20210628 23:41:14.155"/>
</kw>
<kw name="Click Element" library="SeleniumLibrary">
<arg>xpath://button[@class='button-1 login-button']</arg>
<doc>Click the element identified by ``locator``.</doc>
<msg timestamp="20210628 23:41:14.156" level="INFO">Clicking element 'xpath://button[@class='button-1 login-button']'.</msg>
<status status="PASS" starttime="20210628 23:41:14.155" endtime="20210628 23:41:14.831"/>
</kw>
<status status="PASS" starttime="20210628 23:41:13.871" endtime="20210628 23:41:14.831"/>
</kw>
<status status="PASS" starttime="20210628 23:41:09.404" endtime="20210628 23:41:14.832"/>
</test>
<status status="PASS" starttime="20210628 23:41:09.113" endtime="20210628 23:41:14.833"/>
</suite>
<status status="PASS" starttime="20210628 23:41:09.089" endtime="20210628 23:41:14.837"/>
</suite>
<statistics>
<total>
<stat pass="1" fail="0" skip="0">All Tests</stat>
</total>
<tag>
</tag>
<suite>
<stat pass="1" fail="0" skip="0" id="s1" name="Suites">Suites</stat>
<stat pass="1" fail="0" skip="0" id="s1-s1" name="Userkeys">Suites.Userkeys</stat>
</suite>
</statistics>
<errors>
</errors>
</robot>
