<?xml version="1.0" encoding="UTF-8"?>
<robot generator="Robot 4.0.3 (Python 3.8.2 on win32)" generated="20210809 17:58:26.191" rpa="false" schemaversion="2">
<suite id="s1" name="Suites">
<suite id="s1-s1" name="validateLoginPage" source="C:\Users\Subrat_Das\Desktop\EPAM\DEMO_PROJECTS_FOR_AUTOMATION_TRAINING\Robot_Framework\TestCases\validateLoginPage.robot">
<test id="s1-s1-t1" name="LoginTest">
<kw name="Open login Browser" library="loginkeywords">
<arg>${siteurl}</arg>
<arg>${usebrowser}</arg>
<kw name="Open Browser" library="SeleniumLibrary">
<arg>${siteurl}</arg>
<arg>${usebrowser}</arg>
<doc>Opens a new browser instance to the optional ``url``.</doc>
<msg timestamp="20210809 17:58:26.603" level="INFO">Opening browser 'chrome' to base url 'https://admin-demo.nopcommerce.com/'.</msg>
<status status="PASS" starttime="20210809 17:58:26.603" endtime="20210809 17:58:30.639"/>
</kw>
<kw name="Maximize Browser Window" library="SeleniumLibrary">
<doc>Maximizes current browser window.</doc>
<status status="PASS" starttime="20210809 17:58:30.639" endtime="20210809 17:58:30.764"/>
</kw>
<status status="PASS" starttime="20210809 17:58:26.601" endtime="20210809 17:58:30.765"/>
</kw>
<kw name="Enter Username" library="loginkeywords">
<arg>${user}</arg>
<kw name="Input Text" library="SeleniumLibrary">
<arg>${login_name}</arg>
<arg>${username}</arg>
<doc>Types the given ``text`` into the text field identified by ``locator``.</doc>
<msg timestamp="20210809 17:58:30.768" level="INFO">Typing text 'subratdas54@gmail.com' into text field 'id:Email'.</msg>
<status status="PASS" starttime="20210809 17:58:30.766" endtime="20210809 17:58:30.928"/>
</kw>
<status status="PASS" starttime="20210809 17:58:30.765" endtime="20210809 17:58:30.929"/>
</kw>
<kw name="Sleep" library="BuiltIn">
<arg>3 seconds</arg>
<doc>Pauses the test executed for the given time.</doc>
<msg timestamp="20210809 17:58:33.931" level="INFO">Slept 3 seconds</msg>
<status status="PASS" starttime="20210809 17:58:30.929" endtime="20210809 17:58:33.931"/>
</kw>
<kw name="Enter Password" library="loginkeywords">
<arg>${pwd}</arg>
<kw name="Input Text" library="SeleniumLibrary">
<arg>${passwd}</arg>
<arg>${password}</arg>
<doc>Types the given ``text`` into the text field identified by ``locator``.</doc>
<msg timestamp="20210809 17:58:33.934" level="INFO">Typing text 'Ilovemom@18' into text field 'id:Password'.</msg>
<status status="PASS" starttime="20210809 17:58:33.933" endtime="20210809 17:58:34.068"/>
</kw>
<status status="PASS" starttime="20210809 17:58:33.932" endtime="20210809 17:58:34.069"/>
</kw>
<kw name="Click SignIn" library="loginkeywords">
<kw name="Click Button" library="SeleniumLibrary">
<arg>${login_btn}</arg>
<doc>Clicks the button identified by ``locator``.</doc>
<msg timestamp="20210809 17:58:34.073" level="INFO">Clicking button 'xpath://button[@class='button-1 login-button']'.</msg>
<status status="PASS" starttime="20210809 17:58:34.071" endtime="20210809 17:58:35.880"/>
</kw>
<status status="PASS" starttime="20210809 17:58:34.070" endtime="20210809 17:58:35.881"/>
</kw>
<kw name="Sleep" library="BuiltIn">
<arg>3 seconds</arg>
<doc>Pauses the test executed for the given time.</doc>
<msg timestamp="20210809 17:58:38.884" level="INFO">Slept 3 seconds</msg>
<status status="PASS" starttime="20210809 17:58:35.881" endtime="20210809 17:58:38.884"/>
</kw>
<kw name="Validate Error Login Message" library="loginkeywords">
<kw name="Page Should Contain" library="SeleniumLibrary">
<arg>Login was unsuccessful</arg>
<doc>Verifies that current page contains ``text``.</doc>
<msg timestamp="20210809 17:58:38.905" level="INFO">Current page contains text 'Login was unsuccessful'.</msg>
<status status="PASS" starttime="20210809 17:58:38.886" endtime="20210809 17:58:38.905"/>
</kw>
<status status="PASS" starttime="20210809 17:58:38.885" endtime="20210809 17:58:38.906"/>
</kw>
<kw name="close my browser" library="loginkeywords">
<kw name="Close All Browsers" library="SeleniumLibrary">
<doc>Closes all open browsers and resets the browser cache.</doc>
<status status="PASS" starttime="20210809 17:58:38.907" endtime="20210809 17:58:41.133"/>
</kw>
<status status="PASS" starttime="20210809 17:58:38.906" endtime="20210809 17:58:41.134"/>
</kw>
<status status="PASS" starttime="20210809 17:58:26.600" endtime="20210809 17:58:41.135"/>
</test>
<status status="PASS" starttime="20210809 17:58:26.243" endtime="20210809 17:58:41.138"/>
</suite>
<status status="PASS" starttime="20210809 17:58:26.210" endtime="20210809 17:58:41.143"/>
</suite>
<statistics>
<total>
<stat pass="1" fail="0" skip="0">All Tests</stat>
</total>
<tag>
</tag>
<suite>
<stat pass="1" fail="0" skip="0" id="s1" name="Suites">Suites</stat>
<stat pass="1" fail="0" skip="0" id="s1-s1" name="validateLoginPage">Suites.validateLoginPage</stat>
</suite>
</statistics>
<errors>
</errors>
</robot>
