<?xml version="1.0" encoding="UTF-8"?>
<robot generator="Robot 4.0.3 (Python 3.8.2 on win32)" generated="20210628 23:41:11.103" rpa="false" schemaversion="2">
<suite id="s1" name="Suites">
<suite id="s1-s1" name="validateLoginPage" source="C:\Users\Subrat_Das\Desktop\EPAM_WorkSpace\DEMO_PROJECTS_FOR_AUTOMATION_TRAINING\Robot_Framework\TestCases\validateLoginPage.robot">
<test id="s1-s1-t1" name="LoginTest">
<kw name="Open login Browser" library="loginkeywords">
<arg>${siteurl}</arg>
<arg>${usebrowser}</arg>
<kw name="Open Browser" library="SeleniumLibrary">
<arg>${siteurl}</arg>
<arg>${usebrowser}</arg>
<doc>Opens a new browser instance to the optional ``url``.</doc>
<msg timestamp="20210628 23:41:11.580" level="INFO">Opening browser 'chrome' to base url 'https://admin-demo.nopcommerce.com/'.</msg>
<status status="PASS" starttime="20210628 23:41:11.579" endtime="20210628 23:41:20.065"/>
</kw>
<kw name="Maximize Browser Window" library="SeleniumLibrary">
<doc>Maximizes current browser window.</doc>
<status status="PASS" starttime="20210628 23:41:20.065" endtime="20210628 23:41:20.190"/>
</kw>
<status status="PASS" starttime="20210628 23:41:11.577" endtime="20210628 23:41:20.190"/>
</kw>
<kw name="Enter Username" library="loginkeywords">
<arg>${user}</arg>
<kw name="Input Text" library="SeleniumLibrary">
<arg>${login_name}</arg>
<arg>${username}</arg>
<doc>Types the given ``text`` into the text field identified by ``locator``.</doc>
<msg timestamp="20210628 23:41:20.195" level="INFO">Typing text 'subratdas54@gmail.com' into text field 'id:Email'.</msg>
<status status="PASS" starttime="20210628 23:41:20.193" endtime="20210628 23:41:20.380"/>
</kw>
<status status="PASS" starttime="20210628 23:41:20.191" endtime="20210628 23:41:20.380"/>
</kw>
<kw name="Sleep" library="BuiltIn">
<arg>3 seconds</arg>
<doc>Pauses the test executed for the given time.</doc>
<msg timestamp="20210628 23:41:23.382" level="INFO">Slept 3 seconds</msg>
<status status="PASS" starttime="20210628 23:41:20.380" endtime="20210628 23:41:23.382"/>
</kw>
<kw name="Enter Password" library="loginkeywords">
<arg>${pwd}</arg>
<kw name="Input Text" library="SeleniumLibrary">
<arg>${passwd}</arg>
<arg>${password}</arg>
<doc>Types the given ``text`` into the text field identified by ``locator``.</doc>
<msg timestamp="20210628 23:41:23.389" level="INFO">Typing text 'Ilovemom@18' into text field 'id:Password'.</msg>
<status status="PASS" starttime="20210628 23:41:23.386" endtime="20210628 23:41:23.620"/>
</kw>
<status status="PASS" starttime="20210628 23:41:23.384" endtime="20210628 23:41:23.620"/>
</kw>
<kw name="Click SignIn" library="loginkeywords">
<kw name="Click Button" library="SeleniumLibrary">
<arg>${login_btn}</arg>
<doc>Clicks the button identified by ``locator``.</doc>
<msg timestamp="20210628 23:41:23.622" level="INFO">Clicking button 'xpath://button[@class='button-1 login-button']'.</msg>
<status status="PASS" starttime="20210628 23:41:23.621" endtime="20210628 23:41:25.625"/>
</kw>
<status status="PASS" starttime="20210628 23:41:23.620" endtime="20210628 23:41:25.625"/>
</kw>
<kw name="Sleep" library="BuiltIn">
<arg>3 seconds</arg>
<doc>Pauses the test executed for the given time.</doc>
<msg timestamp="20210628 23:41:28.628" level="INFO">Slept 3 seconds</msg>
<status status="PASS" starttime="20210628 23:41:25.626" endtime="20210628 23:41:28.628"/>
</kw>
<kw name="Validate Error Login Message" library="loginkeywords">
<kw name="Page Should Contain" library="SeleniumLibrary">
<arg>Login was unsuccessful</arg>
<doc>Verifies that current page contains ``text``.</doc>
<msg timestamp="20210628 23:41:28.673" level="INFO">Current page contains text 'Login was unsuccessful'.</msg>
<status status="PASS" starttime="20210628 23:41:28.631" endtime="20210628 23:41:28.673"/>
</kw>
<status status="PASS" starttime="20210628 23:41:28.629" endtime="20210628 23:41:28.674"/>
</kw>
<kw name="close my browser" library="loginkeywords">
<kw name="Close All Browsers" library="SeleniumLibrary">
<doc>Closes all open browsers and resets the browser cache.</doc>
<status status="PASS" starttime="20210628 23:41:28.675" endtime="20210628 23:41:30.868"/>
</kw>
<status status="PASS" starttime="20210628 23:41:28.674" endtime="20210628 23:41:30.870"/>
</kw>
<status status="PASS" starttime="20210628 23:41:11.576" endtime="20210628 23:41:30.871"/>
</test>
<status status="PASS" starttime="20210628 23:41:11.155" endtime="20210628 23:41:30.874"/>
</suite>
<status status="PASS" starttime="20210628 23:41:11.122" endtime="20210628 23:41:30.911"/>
</suite>
<statistics>
<total>
<stat pass="1" fail="0" skip="0">All Tests</stat>
</total>
<tag>
</tag>
<suite>
<stat pass="1" fail="0" skip="0" id="s1" name="Suites">Suites</stat>
<stat pass="1" fail="0" skip="0" id="s1-s1" name="validateLoginPage">Suites.validateLoginPage</stat>
</suite>
</statistics>
<errors>
</errors>
</robot>
