<?xml version="1.0" encoding="UTF-8"?>
<robot generator="Robot 4.0.3 (Python 3.8.2 on win32)" generated="20210809 17:58:09.654" rpa="false" schemaversion="2">
<suite id="s1" name="Suites">
<suite id="s1-s1" name="DDT1" source="C:\Users\Subrat_Das\Desktop\EPAM\DEMO_PROJECTS_FOR_AUTOMATION_TRAINING\Robot_Framework\TestCases\DDT1.robot">
<kw name="Open my Browser" library="login_resources" type="SETUP">
<kw name="Open Browser" library="SeleniumLibrary">
<arg>${LOGIN URL}</arg>
<arg>${BROSWER}</arg>
<doc>Opens a new browser instance to the optional ``url``.</doc>
<msg timestamp="20210809 17:58:10.156" level="INFO">Opening browser 'chrome' to base url 'https://admin-demo.nopcommerce.com/'.</msg>
<status status="PASS" starttime="20210809 17:58:10.155" endtime="20210809 17:58:16.489"/>
</kw>
<kw name="Maximize Browser Window" library="SeleniumLibrary">
<doc>Maximizes current browser window.</doc>
<status status="PASS" starttime="20210809 17:58:16.490" endtime="20210809 17:58:16.611"/>
</kw>
<status status="PASS" starttime="20210809 17:58:10.149" endtime="20210809 17:58:16.612"/>
</kw>
<test id="s1-s1-t1" name="DDT-TC-1-CorrectUser-EmptyPassword">
<kw name="Invalid login">
<arg>subratdas54@gmail.com</arg>
<arg>${EMPTY}</arg>
<kw name="Input username" library="login_resources">
<arg>${username}</arg>
<kw name="Input Text" library="SeleniumLibrary">
<arg>id:Email</arg>
<arg>${username}</arg>
<doc>Types the given ``text`` into the text field identified by ``locator``.</doc>
<msg timestamp="20210809 17:58:16.619" level="INFO">Typing text 'subratdas54@gmail.com' into text field 'id:Email'.</msg>
<status status="PASS" starttime="20210809 17:58:16.618" endtime="20210809 17:58:16.801"/>
</kw>
<status status="PASS" starttime="20210809 17:58:16.617" endtime="20210809 17:58:16.802"/>
</kw>
<kw name="Input pwd" library="login_resources">
<arg>${password}</arg>
<kw name="Input Text" library="SeleniumLibrary">
<arg>id:Password</arg>
<arg>${password}</arg>
<doc>Types the given ``text`` into the text field identified by ``locator``.</doc>
<msg timestamp="20210809 17:58:16.804" level="INFO">Typing text '' into text field 'id:Password'.</msg>
<status status="PASS" starttime="20210809 17:58:16.803" endtime="20210809 17:58:16.955"/>
</kw>
<status status="PASS" starttime="20210809 17:58:16.802" endtime="20210809 17:58:16.955"/>
</kw>
<kw name="Click LoginButton" library="login_resources">
<kw name="Click Element" library="SeleniumLibrary">
<arg>xpath://button[@class='button-1 login-button']</arg>
<doc>Click the element identified by ``locator``.</doc>
<msg timestamp="20210809 17:58:16.957" level="INFO">Clicking element 'xpath://button[@class='button-1 login-button']'.</msg>
<status status="PASS" starttime="20210809 17:58:16.956" endtime="20210809 17:58:17.614"/>
</kw>
<status status="PASS" starttime="20210809 17:58:16.956" endtime="20210809 17:58:17.615"/>
</kw>
<kw name="Validate Error Message" library="login_resources">
<kw name="Page Should Contain" library="SeleniumLibrary">
<arg>Login was unsuccessful</arg>
<doc>Verifies that current page contains ``text``.</doc>
<msg timestamp="20210809 17:58:17.650" level="INFO">Current page contains text 'Login was unsuccessful'.</msg>
<status status="PASS" starttime="20210809 17:58:17.619" endtime="20210809 17:58:17.650"/>
</kw>
<status status="PASS" starttime="20210809 17:58:17.616" endtime="20210809 17:58:17.650"/>
</kw>
<status status="PASS" starttime="20210809 17:58:16.614" endtime="20210809 17:58:17.651"/>
</kw>
<status status="PASS" starttime="20210809 17:58:16.612" endtime="20210809 17:58:17.651"/>
</test>
<test id="s1-s1-t2" name="DDT-TC-2-CorrectUser-wrongPassword">
<kw name="Invalid login">
<arg>subratdas54@gmail.com</arg>
<arg>pas</arg>
<kw name="Input username" library="login_resources">
<arg>${username}</arg>
<kw name="Input Text" library="SeleniumLibrary">
<arg>id:Email</arg>
<arg>${username}</arg>
<doc>Types the given ``text`` into the text field identified by ``locator``.</doc>
<msg timestamp="20210809 17:58:17.662" level="INFO">Typing text 'subratdas54@gmail.com' into text field 'id:Email'.</msg>
<status status="PASS" starttime="20210809 17:58:17.660" endtime="20210809 17:58:17.805"/>
</kw>
<status status="PASS" starttime="20210809 17:58:17.656" endtime="20210809 17:58:17.806"/>
</kw>
<kw name="Input pwd" library="login_resources">
<arg>${password}</arg>
<kw name="Input Text" library="SeleniumLibrary">
<arg>id:Password</arg>
<arg>${password}</arg>
<doc>Types the given ``text`` into the text field identified by ``locator``.</doc>
<msg timestamp="20210809 17:58:17.811" level="INFO">Typing text 'pas' into text field 'id:Password'.</msg>
<status status="PASS" starttime="20210809 17:58:17.809" endtime="20210809 17:58:17.921"/>
</kw>
<status status="PASS" starttime="20210809 17:58:17.807" endtime="20210809 17:58:17.922"/>
</kw>
<kw name="Click LoginButton" library="login_resources">
<kw name="Click Element" library="SeleniumLibrary">
<arg>xpath://button[@class='button-1 login-button']</arg>
<doc>Click the element identified by ``locator``.</doc>
<msg timestamp="20210809 17:58:17.924" level="INFO">Clicking element 'xpath://button[@class='button-1 login-button']'.</msg>
<status status="PASS" starttime="20210809 17:58:17.923" endtime="20210809 17:58:19.631"/>
</kw>
<status status="PASS" starttime="20210809 17:58:17.922" endtime="20210809 17:58:19.631"/>
</kw>
<kw name="Validate Error Message" library="login_resources">
<kw name="Page Should Contain" library="SeleniumLibrary">
<arg>Login was unsuccessful</arg>
<doc>Verifies that current page contains ``text``.</doc>
<msg timestamp="20210809 17:58:19.650" level="INFO">Current page contains text 'Login was unsuccessful'.</msg>
<status status="PASS" starttime="20210809 17:58:19.633" endtime="20210809 17:58:19.651"/>
</kw>
<status status="PASS" starttime="20210809 17:58:19.632" endtime="20210809 17:58:19.651"/>
</kw>
<status status="PASS" starttime="20210809 17:58:17.654" endtime="20210809 17:58:19.651"/>
</kw>
<status status="PASS" starttime="20210809 17:58:17.652" endtime="20210809 17:58:19.651"/>
</test>
<test id="s1-s1-t3" name="DDT-TC-3-WrongUser-CorrectPassword">
<kw name="Invalid login">
<arg>subratdas@gmail.com</arg>
<arg>admin</arg>
<kw name="Input username" library="login_resources">
<arg>${username}</arg>
<kw name="Input Text" library="SeleniumLibrary">
<arg>id:Email</arg>
<arg>${username}</arg>
<doc>Types the given ``text`` into the text field identified by ``locator``.</doc>
<msg timestamp="20210809 17:58:19.655" level="INFO">Typing text 'subratdas@gmail.com' into text field 'id:Email'.</msg>
<status status="PASS" starttime="20210809 17:58:19.654" endtime="20210809 17:58:19.830"/>
</kw>
<status status="PASS" starttime="20210809 17:58:19.653" endtime="20210809 17:58:19.831"/>
</kw>
<kw name="Input pwd" library="login_resources">
<arg>${password}</arg>
<kw name="Input Text" library="SeleniumLibrary">
<arg>id:Password</arg>
<arg>${password}</arg>
<doc>Types the given ``text`` into the text field identified by ``locator``.</doc>
<msg timestamp="20210809 17:58:19.833" level="INFO">Typing text 'admin' into text field 'id:Password'.</msg>
<status status="PASS" starttime="20210809 17:58:19.833" endtime="20210809 17:58:19.946"/>
</kw>
<status status="PASS" starttime="20210809 17:58:19.831" endtime="20210809 17:58:19.947"/>
</kw>
<kw name="Click LoginButton" library="login_resources">
<kw name="Click Element" library="SeleniumLibrary">
<arg>xpath://button[@class='button-1 login-button']</arg>
<doc>Click the element identified by ``locator``.</doc>
<msg timestamp="20210809 17:58:19.949" level="INFO">Clicking element 'xpath://button[@class='button-1 login-button']'.</msg>
<status status="PASS" starttime="20210809 17:58:19.948" endtime="20210809 17:58:20.462"/>
</kw>
<status status="PASS" starttime="20210809 17:58:19.947" endtime="20210809 17:58:20.463"/>
</kw>
<kw name="Validate Error Message" library="login_resources">
<kw name="Page Should Contain" library="SeleniumLibrary">
<arg>Login was unsuccessful</arg>
<doc>Verifies that current page contains ``text``.</doc>
<msg timestamp="20210809 17:58:20.483" level="INFO">Current page contains text 'Login was unsuccessful'.</msg>
<status status="PASS" starttime="20210809 17:58:20.465" endtime="20210809 17:58:20.483"/>
</kw>
<status status="PASS" starttime="20210809 17:58:20.464" endtime="20210809 17:58:20.483"/>
</kw>
<status status="PASS" starttime="20210809 17:58:19.653" endtime="20210809 17:58:20.484"/>
</kw>
<status status="PASS" starttime="20210809 17:58:19.652" endtime="20210809 17:58:20.484"/>
</test>
<test id="s1-s1-t4" name="DDT-TC-4-WrongUser-EmptyPassword">
<kw name="Invalid login">
<arg>subratdas@gmail.com</arg>
<arg>${EMPTY}</arg>
<kw name="Input username" library="login_resources">
<arg>${username}</arg>
<kw name="Input Text" library="SeleniumLibrary">
<arg>id:Email</arg>
<arg>${username}</arg>
<doc>Types the given ``text`` into the text field identified by ``locator``.</doc>
<msg timestamp="20210809 17:58:20.487" level="INFO">Typing text 'subratdas@gmail.com' into text field 'id:Email'.</msg>
<status status="PASS" starttime="20210809 17:58:20.487" endtime="20210809 17:58:20.610"/>
</kw>
<status status="PASS" starttime="20210809 17:58:20.486" endtime="20210809 17:58:20.611"/>
</kw>
<kw name="Input pwd" library="login_resources">
<arg>${password}</arg>
<kw name="Input Text" library="SeleniumLibrary">
<arg>id:Password</arg>
<arg>${password}</arg>
<doc>Types the given ``text`` into the text field identified by ``locator``.</doc>
<msg timestamp="20210809 17:58:20.613" level="INFO">Typing text '' into text field 'id:Password'.</msg>
<status status="PASS" starttime="20210809 17:58:20.612" endtime="20210809 17:58:20.714"/>
</kw>
<status status="PASS" starttime="20210809 17:58:20.611" endtime="20210809 17:58:20.714"/>
</kw>
<kw name="Click LoginButton" library="login_resources">
<kw name="Click Element" library="SeleniumLibrary">
<arg>xpath://button[@class='button-1 login-button']</arg>
<doc>Click the element identified by ``locator``.</doc>
<msg timestamp="20210809 17:58:20.715" level="INFO">Clicking element 'xpath://button[@class='button-1 login-button']'.</msg>
<status status="PASS" starttime="20210809 17:58:20.715" endtime="20210809 17:58:21.256"/>
</kw>
<status status="PASS" starttime="20210809 17:58:20.714" endtime="20210809 17:58:21.258"/>
</kw>
<kw name="Validate Error Message" library="login_resources">
<kw name="Page Should Contain" library="SeleniumLibrary">
<arg>Login was unsuccessful</arg>
<doc>Verifies that current page contains ``text``.</doc>
<msg timestamp="20210809 17:58:21.278" level="INFO">Current page contains text 'Login was unsuccessful'.</msg>
<status status="PASS" starttime="20210809 17:58:21.260" endtime="20210809 17:58:21.279"/>
</kw>
<status status="PASS" starttime="20210809 17:58:21.258" endtime="20210809 17:58:21.279"/>
</kw>
<status status="PASS" starttime="20210809 17:58:20.485" endtime="20210809 17:58:21.279"/>
</kw>
<status status="PASS" starttime="20210809 17:58:20.484" endtime="20210809 17:58:21.279"/>
</test>
<test id="s1-s1-t5" name="DDT-TC-5-WrongUser-wrongPassword">
<kw name="Invalid login">
<arg>subratdas@gmail.com</arg>
<arg>pas</arg>
<kw name="Input username" library="login_resources">
<arg>${username}</arg>
<kw name="Input Text" library="SeleniumLibrary">
<arg>id:Email</arg>
<arg>${username}</arg>
<doc>Types the given ``text`` into the text field identified by ``locator``.</doc>
<msg timestamp="20210809 17:58:21.282" level="INFO">Typing text 'subratdas@gmail.com' into text field 'id:Email'.</msg>
<status status="PASS" starttime="20210809 17:58:21.282" endtime="20210809 17:58:21.402"/>
</kw>
<status status="PASS" starttime="20210809 17:58:21.281" endtime="20210809 17:58:21.403"/>
</kw>
<kw name="Input pwd" library="login_resources">
<arg>${password}</arg>
<kw name="Input Text" library="SeleniumLibrary">
<arg>id:Password</arg>
<arg>${password}</arg>
<doc>Types the given ``text`` into the text field identified by ``locator``.</doc>
<msg timestamp="20210809 17:58:21.404" level="INFO">Typing text 'pas' into text field 'id:Password'.</msg>
<status status="PASS" starttime="20210809 17:58:21.403" endtime="20210809 17:58:21.509"/>
</kw>
<status status="PASS" starttime="20210809 17:58:21.403" endtime="20210809 17:58:21.510"/>
</kw>
<kw name="Click LoginButton" library="login_resources">
<kw name="Click Element" library="SeleniumLibrary">
<arg>xpath://button[@class='button-1 login-button']</arg>
<doc>Click the element identified by ``locator``.</doc>
<msg timestamp="20210809 17:58:21.511" level="INFO">Clicking element 'xpath://button[@class='button-1 login-button']'.</msg>
<status status="PASS" starttime="20210809 17:58:21.511" endtime="20210809 17:58:23.161"/>
</kw>
<status status="PASS" starttime="20210809 17:58:21.510" endtime="20210809 17:58:23.162"/>
</kw>
<kw name="Validate Error Message" library="login_resources">
<kw name="Page Should Contain" library="SeleniumLibrary">
<arg>Login was unsuccessful</arg>
<doc>Verifies that current page contains ``text``.</doc>
<msg timestamp="20210809 17:58:23.183" level="INFO">Current page contains text 'Login was unsuccessful'.</msg>
<status status="PASS" starttime="20210809 17:58:23.163" endtime="20210809 17:58:23.183"/>
</kw>
<status status="PASS" starttime="20210809 17:58:23.162" endtime="20210809 17:58:23.184"/>
</kw>
<status status="PASS" starttime="20210809 17:58:21.280" endtime="20210809 17:58:23.184"/>
</kw>
<status status="PASS" starttime="20210809 17:58:21.280" endtime="20210809 17:58:23.185"/>
</test>
<kw name="Close Browsers" library="login_resources" type="TEARDOWN">
<kw name="Close All Browsers" library="SeleniumLibrary">
<doc>Closes all open browsers and resets the browser cache.</doc>
<status status="PASS" starttime="20210809 17:58:23.187" endtime="20210809 17:58:25.421"/>
</kw>
<status status="PASS" starttime="20210809 17:58:23.186" endtime="20210809 17:58:25.422"/>
</kw>
<status status="PASS" starttime="20210809 17:58:09.704" endtime="20210809 17:58:25.422"/>
</suite>
<status status="PASS" starttime="20210809 17:58:09.671" endtime="20210809 17:58:25.427"/>
</suite>
<statistics>
<total>
<stat pass="5" fail="0" skip="0">All Tests</stat>
</total>
<tag>
</tag>
<suite>
<stat pass="5" fail="0" skip="0" id="s1" name="Suites">Suites</stat>
<stat pass="5" fail="0" skip="0" id="s1-s1" name="DDT1">Suites.DDT1</stat>
</suite>
</statistics>
<errors>
</errors>
</robot>
